Epoch 1/2000
RNN states ->  Tensor("model/rnn/zeros:0", shape=(5, 71), dtype=float32)
RNN call ->  (5, 71)
End RNN call
RNN states ->  Tensor("model/rnn/while/Placeholder_2:0", shape=(5, 71), dtype=float32)
RNN call ->  (5, 71)
End RNN call
S  (47, 71)  Pin  (10, 71)
Pout  (71, 71)
<class 'tensorflow.python.framework.ops.Tensor'>
y_true  (5, 71)  y_pred  (5, 71)
Vin  (5, 10)  Vbf  (5, 71)
S  (47, 71)  Pin  (10, 71)
Pout  (71, 71)
(5,)
loss type  <class 'tensorflow.python.framework.ops.Tensor'>
RNN states ->  Tensor("model/rnn/zeros:0", shape=(5, 71), dtype=float32)
RNN call ->  (5, 71)
End RNN call
RNN states ->  Tensor("model/rnn/while/Placeholder_2:0", shape=(5, 71), dtype=float32)
RNN call ->  (5, 71)
End RNN call
S  (47, 71)  Pin  (10, 71)
Pout  (71, 71)
<class 'tensorflow.python.framework.ops.Tensor'>
y_true  (5, 71)  y_pred  (5, 71)
Vin  (5, 10)  Vbf  (5, 71)
S  (47, 71)  Pin  (10, 71)
Pout  (71, 71)
(5,)
loss type  <class 'tensorflow.python.framework.ops.Tensor'>
RNN states ->  Tensor("model/rnn/zeros:0", shape=(5, 71), dtype=float32)
RNN call ->  (5, 71)
End RNN call
RNN states ->  Tensor("model/rnn/while/Placeholder_2:0", shape=(5, 71), dtype=float32)
RNN call ->  (5, 71)
End RNN call
S  (47, 71)  Pin  (10, 71)
Pout  (71, 71)
<class 'tensorflow.python.framework.ops.Tensor'>
y_true  (5, 71)  y_pred  (5, 71)
Vin  (5, 10)  Vbf  (5, 71)
S  (47, 71)  Pin  (10, 71)
Pout  (71, 71)
(5,)
loss type  <class 'tensorflow.python.framework.ops.Tensor'>
RNN states ->  Tensor("model/rnn/zeros:0", shape=(None, 71), dtype=float32)
RNN call ->  (None, 71)
End RNN call
RNN states ->  Tensor("model/rnn/while/Placeholder_2:0", shape=(None, 71), dtype=float32)
RNN call ->  (None, 71)
End RNN call
RNN states ->  Tensor("states:0", shape=(None, 71), dtype=float32)
RNN call ->  (None, 71)
End RNN call
RNN states ->  Tensor("zeros:0", shape=(None, 71), dtype=float32)
RNN call ->  (None, 71)
End RNN call
RNN states ->  Tensor("while/Placeholder_2:0", shape=(None, 71), dtype=float32)
RNN call ->  (None, 71)
End RNN call
RNN states ->  Tensor("zeros:0", shape=(None, 71), dtype=float32)
RNN call ->  (None, 71)
End RNN call
RNN states ->  Tensor("while/Placeholder_2:0", shape=(None, 71), dtype=float32)
RNN call ->  (None, 71)
End RNN call
RNN states ->  Tensor("rnn/zeros:0", shape=(None, 71), dtype=float32)
RNN call ->  (None, 71)
End RNN call
RNN states ->  Tensor("rnn/while/Placeholder_2:0", shape=(None, 71), dtype=float32)
RNN call ->  (None, 71)
End RNN call
RNN states ->  Tensor("rnn/zeros:0", shape=(None, 71), dtype=float32)
RNN call ->  (None, 71)
End RNN call
RNN states ->  Tensor("rnn/while/Placeholder_2:0", shape=(None, 71), dtype=float32)
RNN call ->  (None, 71)
End RNN call
RNN states ->  Tensor("zeros:0", shape=(None, 71), dtype=float32)
RNN call ->  (None, 71)
End RNN call
RNN states ->  Tensor("while/Placeholder_2:0", shape=(None, 71), dtype=float32)
RNN call ->  (None, 71)
End RNN call
RNN states ->  Tensor("zeros:0", shape=(None, 71), dtype=float32)
RNN call ->  (None, 71)
End RNN call
RNN states ->  Tensor("while/Placeholder_2:0", shape=(None, 71), dtype=float32)
RNN call ->  (None, 71)
End RNN call
RNN states ->  Tensor("zeros:0", shape=(None, 71), dtype=float32)
RNN call ->  (None, 71)
End RNN call
RNN states ->  Tensor("while/Placeholder_2:0", shape=(None, 71), dtype=float32)
RNN call ->  (None, 71)
End RNN call
RNN states ->  Tensor("zeros:0", shape=(None, 71), dtype=float32)
RNN call ->  (None, 71)
End RNN call
RNN states ->  Tensor("while/Placeholder_2:0", shape=(None, 71), dtype=float32)
RNN call ->  (None, 71)
End RNN call
RNN states ->  Tensor("states_0:0", shape=(None, 71), dtype=float32)
RNN call ->  (None, 71)
End RNN call
1/1 - 3s - loss: 1.7032e-04 - val_loss: 1.4649e-04 - 3s/epoch - 3s/step
Epoch 2/2000
RNN states ->  Tensor("model/rnn/zeros:0", shape=(None, 71), dtype=float32)
RNN call ->  (None, 71)
End RNN call
RNN states ->  Tensor("model/rnn/while/Placeholder_2:0", shape=(None, 71), dtype=float32)
RNN call ->  (None, 71)
End RNN call
RNN states ->  Tensor("states:0", shape=(None, 71), dtype=float32)
RNN call ->  (None, 71)
End RNN call
RNN states ->  Tensor("zeros:0", shape=(None, 71), dtype=float32)
RNN call ->  (None, 71)
End RNN call
RNN states ->  Tensor("while/Placeholder_2:0", shape=(None, 71), dtype=float32)
RNN call ->  (None, 71)
End RNN call
RNN states ->  Tensor("zeros:0", shape=(None, 71), dtype=float32)
RNN call ->  (None, 71)
End RNN call
RNN states ->  Tensor("while/Placeholder_2:0", shape=(None, 71), dtype=float32)
RNN call ->  (None, 71)
End RNN call
RNN states ->  Tensor("rnn/zeros:0", shape=(None, 71), dtype=float32)
RNN call ->  (None, 71)
End RNN call
RNN states ->  Tensor("rnn/while/Placeholder_2:0", shape=(None, 71), dtype=float32)
RNN call ->  (None, 71)
End RNN call
RNN states ->  Tensor("rnn/zeros:0", shape=(None, 71), dtype=float32)
RNN call ->  (None, 71)
End RNN call
RNN states ->  Tensor("rnn/while/Placeholder_2:0", shape=(None, 71), dtype=float32)
RNN call ->  (None, 71)
End RNN call
RNN states ->  Tensor("zeros:0", shape=(None, 71), dtype=float32)
RNN call ->  (None, 71)
End RNN call
RNN states ->  Tensor("while/Placeholder_2:0", shape=(None, 71), dtype=float32)
RNN call ->  (None, 71)
End RNN call
RNN states ->  Tensor("zeros:0", shape=(None, 71), dtype=float32)
RNN call ->  (None, 71)
End RNN call
RNN states ->  Tensor("while/Placeholder_2:0", shape=(None, 71), dtype=float32)
RNN call ->  (None, 71)
End RNN call
RNN states ->  Tensor("zeros:0", shape=(None, 71), dtype=float32)
RNN call ->  (None, 71)
End RNN call
RNN states ->  Tensor("while/Placeholder_2:0", shape=(None, 71), dtype=float32)
RNN call ->  (None, 71)
End RNN call
RNN states ->  Tensor("zeros:0", shape=(None, 71), dtype=float32)
RNN call ->  (None, 71)
End RNN call
RNN states ->  Tensor("while/Placeholder_2:0", shape=(None, 71), dtype=float32)
RNN call ->  (None, 71)
End RNN call
WARNING:absl:Found untraced functions such as _update_step_xla while saving (showing 1 of 1). These functions will not be directly callable after loading.
[34m[1mwandb[39m[22m: Adding directory to artifact (./models)... Done. 0.0s
WARNING:absl:Found untraced functions such as _update_step_xla while saving (showing 1 of 1). These functions will not be directly callable after loading.
RNN states ->  Tensor("states_0:0", shape=(None, 71), dtype=float32)
RNN call ->  (None, 71)
End RNN call
1/1 - 1s - loss: 1.4649e-04 - val_loss: 1.2429e-04 - 1s/epoch - 1s/step
Epoch 3/2000
RNN states ->  Tensor("model/rnn/zeros:0", shape=(None, 71), dtype=float32)
RNN call ->  (None, 71)
End RNN call
RNN states ->  Tensor("model/rnn/while/Placeholder_2:0", shape=(None, 71), dtype=float32)
RNN call ->  (None, 71)
End RNN call
RNN states ->  Tensor("states:0", shape=(None, 71), dtype=float32)
RNN call ->  (None, 71)
End RNN call
RNN states ->  Tensor("zeros:0", shape=(None, 71), dtype=float32)
RNN call ->  (None, 71)
End RNN call
RNN states ->  Tensor("while/Placeholder_2:0", shape=(None, 71), dtype=float32)
RNN call ->  (None, 71)
End RNN call
RNN states ->  Tensor("zeros:0", shape=(None, 71), dtype=float32)
RNN call ->  (None, 71)
End RNN call
RNN states ->  Tensor("while/Placeholder_2:0", shape=(None, 71), dtype=float32)
RNN call ->  (None, 71)
End RNN call
RNN states ->  Tensor("rnn/zeros:0", shape=(None, 71), dtype=float32)
RNN call ->  (None, 71)
End RNN call
RNN states ->  Tensor("rnn/while/Placeholder_2:0", shape=(None, 71), dtype=float32)
RNN call ->  (None, 71)
End RNN call
RNN states ->  Tensor("rnn/zeros:0", shape=(None, 71), dtype=float32)
RNN call ->  (None, 71)
End RNN call
RNN states ->  Tensor("rnn/while/Placeholder_2:0", shape=(None, 71), dtype=float32)
RNN call ->  (None, 71)
End RNN call
RNN states ->  Tensor("zeros:0", shape=(None, 71), dtype=float32)
RNN call ->  (None, 71)
End RNN call
RNN states ->  Tensor("while/Placeholder_2:0", shape=(None, 71), dtype=float32)
RNN call ->  (None, 71)
End RNN call
RNN states ->  Tensor("zeros:0", shape=(None, 71), dtype=float32)
RNN call ->  (None, 71)
End RNN call
RNN states ->  Tensor("while/Placeholder_2:0", shape=(None, 71), dtype=float32)
RNN call ->  (None, 71)
End RNN call
RNN states ->  Tensor("zeros:0", shape=(None, 71), dtype=float32)
RNN call ->  (None, 71)
End RNN call
RNN states ->  Tensor("while/Placeholder_2:0", shape=(None, 71), dtype=float32)
RNN call ->  (None, 71)
End RNN call
RNN states ->  Tensor("zeros:0", shape=(None, 71), dtype=float32)
RNN call ->  (None, 71)
End RNN call
RNN states ->  Tensor("while/Placeholder_2:0", shape=(None, 71), dtype=float32)
RNN call ->  (None, 71)
End RNN call
RNN states ->  Tensor("states_0:0", shape=(None, 71), dtype=float32)
RNN call ->  (None, 71)
End RNN call
[34m[1mwandb[39m[22m: Adding directory to artifact (./models)... Done. 0.0s
WARNING:absl:Found untraced functions such as _update_step_xla while saving (showing 1 of 1). These functions will not be directly callable after loading.
[34m[1mwandb[39m[22m: Adding directory to artifact (./models)... Done. 0.0s
1/1 - 1s - loss: 1.2429e-04 - val_loss: 1.0434e-04 - 1s/epoch - 1s/step
Epoch 4/2000
RNN states ->  Tensor("model/rnn/zeros:0", shape=(None, 71), dtype=float32)
RNN call ->  (None, 71)
End RNN call
RNN states ->  Tensor("model/rnn/while/Placeholder_2:0", shape=(None, 71), dtype=float32)
RNN call ->  (None, 71)
End RNN call
RNN states ->  Tensor("states:0", shape=(None, 71), dtype=float32)
RNN call ->  (None, 71)
End RNN call
RNN states ->  Tensor("zeros:0", shape=(None, 71), dtype=float32)
RNN call ->  (None, 71)
End RNN call
RNN states ->  Tensor("while/Placeholder_2:0", shape=(None, 71), dtype=float32)
RNN call ->  (None, 71)
End RNN call
RNN states ->  Tensor("zeros:0", shape=(None, 71), dtype=float32)
RNN call ->  (None, 71)
End RNN call
RNN states ->  Tensor("while/Placeholder_2:0", shape=(None, 71), dtype=float32)
RNN call ->  (None, 71)
End RNN call
RNN states ->  Tensor("rnn/zeros:0", shape=(None, 71), dtype=float32)
RNN call ->  (None, 71)
End RNN call
RNN states ->  Tensor("rnn/while/Placeholder_2:0", shape=(None, 71), dtype=float32)
RNN call ->  (None, 71)
End RNN call
RNN states ->  Tensor("rnn/zeros:0", shape=(None, 71), dtype=float32)
RNN call ->  (None, 71)
End RNN call
RNN states ->  Tensor("rnn/while/Placeholder_2:0", shape=(None, 71), dtype=float32)
RNN call ->  (None, 71)
End RNN call
RNN states ->  Tensor("zeros:0", shape=(None, 71), dtype=float32)
RNN call ->  (None, 71)
End RNN call
RNN states ->  Tensor("while/Placeholder_2:0", shape=(None, 71), dtype=float32)
RNN call ->  (None, 71)
End RNN call
RNN states ->  Tensor("zeros:0", shape=(None, 71), dtype=float32)
RNN call ->  (None, 71)
End RNN call
RNN states ->  Tensor("while/Placeholder_2:0", shape=(None, 71), dtype=float32)
RNN call ->  (None, 71)
End RNN call
RNN states ->  Tensor("zeros:0", shape=(None, 71), dtype=float32)
RNN call ->  (None, 71)
End RNN call
RNN states ->  Tensor("while/Placeholder_2:0", shape=(None, 71), dtype=float32)
RNN call ->  (None, 71)
End RNN call
RNN states ->  Tensor("zeros:0", shape=(None, 71), dtype=float32)
RNN call ->  (None, 71)
End RNN call
RNN states ->  Tensor("while/Placeholder_2:0", shape=(None, 71), dtype=float32)
RNN call ->  (None, 71)
End RNN call
RNN states ->  Tensor("states_0:0", shape=(None, 71), dtype=float32)
RNN call ->  (None, 71)
End RNN call
1/1 - 1s - loss: 1.0434e-04 - val_loss: 8.6797e-05 - 1s/epoch - 1s/step
Epoch 5/2000
RNN states ->  Tensor("model/rnn/zeros:0", shape=(None, 71), dtype=float32)
RNN call ->  (None, 71)
End RNN call
RNN states ->  Tensor("model/rnn/while/Placeholder_2:0", shape=(None, 71), dtype=float32)
RNN call ->  (None, 71)
End RNN call
RNN states ->  Tensor("states:0", shape=(None, 71), dtype=float32)
RNN call ->  (None, 71)
End RNN call
RNN states ->  Tensor("zeros:0", shape=(None, 71), dtype=float32)
RNN call ->  (None, 71)
End RNN call
RNN states ->  Tensor("while/Placeholder_2:0", shape=(None, 71), dtype=float32)
RNN call ->  (None, 71)
End RNN call
RNN states ->  Tensor("zeros:0", shape=(None, 71), dtype=float32)
RNN call ->  (None, 71)
End RNN call
RNN states ->  Tensor("while/Placeholder_2:0", shape=(None, 71), dtype=float32)
RNN call ->  (None, 71)
End RNN call
RNN states ->  Tensor("rnn/zeros:0", shape=(None, 71), dtype=float32)
RNN call ->  (None, 71)
End RNN call
RNN states ->  Tensor("rnn/while/Placeholder_2:0", shape=(None, 71), dtype=float32)
RNN call ->  (None, 71)
End RNN call
RNN states ->  Tensor("rnn/zeros:0", shape=(None, 71), dtype=float32)
RNN call ->  (None, 71)
End RNN call
RNN states ->  Tensor("rnn/while/Placeholder_2:0", shape=(None, 71), dtype=float32)
RNN call ->  (None, 71)
End RNN call
RNN states ->  Tensor("zeros:0", shape=(None, 71), dtype=float32)
RNN call ->  (None, 71)
End RNN call
RNN states ->  Tensor("while/Placeholder_2:0", shape=(None, 71), dtype=float32)
RNN call ->  (None, 71)
End RNN call
RNN states ->  Tensor("zeros:0", shape=(None, 71), dtype=float32)
RNN call ->  (None, 71)
End RNN call
RNN states ->  Tensor("while/Placeholder_2:0", shape=(None, 71), dtype=float32)
RNN call ->  (None, 71)
End RNN call
RNN states ->  Tensor("zeros:0", shape=(None, 71), dtype=float32)
RNN call ->  (None, 71)
End RNN call
RNN states ->  Tensor("while/Placeholder_2:0", shape=(None, 71), dtype=float32)
RNN call ->  (None, 71)
End RNN call
RNN states ->  Tensor("zeros:0", shape=(None, 71), dtype=float32)
RNN call ->  (None, 71)
End RNN call
RNN states ->  Tensor("while/Placeholder_2:0", shape=(None, 71), dtype=float32)
RNN call ->  (None, 71)
End RNN call
RNN states ->  Tensor("states_0:0", shape=(None, 71), dtype=float32)
RNN call ->
WARNING:absl:Found untraced functions such as _update_step_xla while saving (showing 1 of 1). These functions will not be directly callable after loading.
[34m[1mwandb[39m[22m: Adding directory to artifact (./models)... Done. 0.0s
RNN call ->  (None, 71)
End RNN call
1/1 - 2s - loss: 8.6797e-05 - val_loss: 7.1682e-05 - 2s/epoch - 2s/step
Epoch 6/2000
RNN states ->  Tensor("model/rnn/zeros:0", shape=(None, 71), dtype=float32)
RNN call ->  (None, 71)
End RNN call
RNN states ->  Tensor("model/rnn/while/Placeholder_2:0", shape=(None, 71), dtype=float32)
RNN call ->  (None, 71)
End RNN call
RNN states ->  Tensor("states:0", shape=(None, 71), dtype=float32)
RNN call ->  (None, 71)
End RNN call
RNN states ->  Tensor("zeros:0", shape=(None, 71), dtype=float32)
RNN call ->  (None, 71)
End RNN call
RNN states ->  Tensor("while/Placeholder_2:0", shape=(None, 71), dtype=float32)
RNN call ->  (None, 71)
End RNN call
RNN states ->  Tensor("zeros:0", shape=(None, 71), dtype=float32)
RNN call ->  (None, 71)
End RNN call
RNN states ->  Tensor("while/Placeholder_2:0", shape=(None, 71), dtype=float32)
RNN call ->  (None, 71)
End RNN call
RNN states ->  Tensor("rnn/zeros:0", shape=(None, 71), dtype=float32)
RNN call ->  (None, 71)
End RNN call
RNN states ->  Tensor("rnn/while/Placeholder_2:0", shape=(None, 71), dtype=float32)
RNN call ->  (None, 71)
End RNN call
RNN states ->  Tensor("rnn/zeros:0", shape=(None, 71), dtype=float32)
RNN call ->  (None, 71)
End RNN call
RNN states ->  Tensor("rnn/while/Placeholder_2:0", shape=(None, 71), dtype=float32)
RNN call ->  (None, 71)
End RNN call
RNN states ->  Tensor("zeros:0", shape=(None, 71), dtype=float32)
RNN call ->  (None, 71)
End RNN call
RNN states ->  Tensor("while/Placeholder_2:0", shape=(None, 71), dtype=float32)
RNN call ->  (None, 71)
End RNN call
RNN states ->  Tensor("zeros:0", shape=(None, 71), dtype=float32)
RNN call ->  (None, 71)
End RNN call
RNN states ->  Tensor("while/Placeholder_2:0", shape=(None, 71), dtype=float32)
RNN call ->  (None, 71)
End RNN call
RNN states ->  Tensor("zeros:0", shape=(None, 71), dtype=float32)
RNN call ->  (None, 71)
End RNN call
RNN states ->  Tensor("while/Placeholder_2:0", shape=(None, 71), dtype=float32)
RNN call ->  (None, 71)
End RNN call
RNN states ->  Tensor("zeros:0", shape=(None, 71), dtype=float32)
RNN call ->  (None, 71)
End RNN call
RNN states ->  Tensor("while/Placeholder_2:0", shape=(None, 71), dtype=float32)
RNN call ->  (None, 71)
End RNN call
RNN states ->  Tensor("states_0:0", shape=(None, 71), dtype=float32)
RNN call ->  (None, 71)
End RNN call
RNN call ->  (None, 71)
[34m[1mwandb[39m[22m: Adding directory to artifact (./models)... Done. 0.0s
WARNING:absl:Found untraced functions such as _update_step_xla while saving (showing 1 of 1). These functions will not be directly callable after loading.
RNN states ->  Tensor("states_0:0", shape=(None, 71), dtype=float32)
RNN call ->  (None, 71)
End RNN call
1/1 - 1s - loss: 5.8921e-05 - val_loss: 4.8378e-05 - 1s/epoch - 1s/step
Epoch 8/2000
RNN states ->  Tensor("model/rnn/zeros:0", shape=(None, 71), dtype=float32)
RNN call ->  (None, 71)
End RNN call
RNN states ->  Tensor("model/rnn/while/Placeholder_2:0", shape=(None, 71), dtype=float32)
RNN call ->  (None, 71)
End RNN call
RNN states ->  Tensor("states:0", shape=(None, 71), dtype=float32)
RNN call ->  (None, 71)
End RNN call
RNN states ->  Tensor("zeros:0", shape=(None, 71), dtype=float32)
RNN call ->  (None, 71)
End RNN call
RNN states ->  Tensor("while/Placeholder_2:0", shape=(None, 71), dtype=float32)
RNN call ->  (None, 71)
End RNN call
RNN states ->  Tensor("zeros:0", shape=(None, 71), dtype=float32)
RNN call ->  (None, 71)
End RNN call
RNN states ->  Tensor("while/Placeholder_2:0", shape=(None, 71), dtype=float32)
RNN call ->  (None, 71)
End RNN call
RNN states ->  Tensor("states_0:0", shape=(None, 71), dtype=float32)
WARNING:absl:Found untraced functions such as _update_step_xla while saving (showing 1 of 1). These functions will not be directly callable after loading.
End RNN call>  Tensor("states_0:0", shape=(None, 71), dtype=float32)
End RNN call>  Tensor("states_0:0", shape=(None, 71), dtype=float32)
WARNING:absl:Found untraced functions such as _update_step_xla while saving (showing 1 of 1). These functions will not be directly callable after loading.
[34m[1mwandb[39m[22m: Adding directory to artifact (./models)... Done. 0.0s
End RNN call>  Tensor("states_0:0", shape=(None, 71), dtype=float32)
WARNING:absl:Found untraced functions such as _update_step_xla while saving (showing 1 of 1). These functions will not be directly callable after loading.
[34m[1mwandb[39m[22m: Adding directory to artifact (./models)... Done. 0.0s
WARNING:absl:Found untraced functions such as _update_step_xla while saving (showing 1 of 1). These functions will not be directly callable after loading.
RNN call ->  (None, 71)states_0:0", shape=(None, 71), dtype=float32)
End RNN call
RNN states ->  Tensor("states_0:0", shape=(None, 71), dtype=float32)
RNN call ->  (None, 71)
End RNN call
RNN call ->  (None, 71)states_0:0", shape=(None, 71), dtype=float32)
WARNING:absl:Found untraced functions such as _update_step_xla while saving (showing 1 of 1). These functions will not be directly callable after loading.
[34m[1mwandb[39m[22m: Adding directory to artifact (./models)... Done. 0.0s
WARNING:absl:Found untraced functions such as _update_step_xla while saving (showing 1 of 1). These functions will not be directly callable after loading.
RNN call ->  (None, 71)states_0:0", shape=(None, 71), dtype=float32)
[34m[1mwandb[39m[22m: Adding directory to artifact (./models)... Done. 0.0s
WARNING:absl:Found untraced functions such as _update_step_xla while saving (showing 1 of 1). These functions will not be directly callable after loading.
[34m[1mwandb[39m[22m: Adding directory to artifact (./models)... Done. 0.0s
End RNN call
RNN call ->  (None, 71)states_0:0", shape=(None, 71), dtype=float32)
WARNING:absl:Found untraced functions such as _update_step_xla while saving (showing 1 of 1). These functions will not be directly callable after loading.
[34m[1mwandb[39m[22m: Adding directory to artifact (./models)... Done. 0.0s
WARNING:absl:Found untraced functions such as _update_step_xla while saving (showing 1 of 1). These functions will not be directly callable after loading.
RNN call ->  (None, 71)states_0:0", shape=(None, 71), dtype=float32)
[34m[1mwandb[39m[22m: Adding directory to artifact (./models)... Done. 0.0s
WARNING:absl:Found untraced functions such as _update_step_xla while saving (showing 1 of 1). These functions will not be directly callable after loading.
End RNN call (None, 71)states_0:0", shape=(None, 71), dtype=float32)
End RNN call (None, 71)states_0:0", shape=(None, 71), dtype=float32)
WARNING:absl:Found untraced functions such as _update_step_xla while saving (showing 1 of 1). These functions will not be directly callable after loading.
[34m[1mwandb[39m[22m: Adding directory to artifact (./models)... Done. 0.0s
WARNING:absl:Found untraced functions such as _update_step_xla while saving (showing 1 of 1). These functions will not be directly callable after loading.
[34m[1mwandb[39m[22m: Adding directory to artifact (./models)... Done. 0.0s
End RNN call (None, 71)states_0:0", shape=(None, 71), dtype=float32)
WARNING:absl:Found untraced functions such as _update_step_xla while saving (showing 1 of 1). These functions will not be directly callable after loading.
RNN call ->  (None, 71)states_0:0", shape=(None, 71), dtype=float32)
End RNN call
RNN call ->  (None, 71)states_0:0", shape=(None, 71), dtype=float32)
WARNING:absl:Found untraced functions such as _update_step_xla while saving (showing 1 of 1). These functions will not be directly callable after loading.
[34m[1mwandb[39m[22m: Adding directory to artifact (./models)... Done. 0.0s
WARNING:absl:Found untraced functions such as _update_step_xla while saving (showing 1 of 1). These functions will not be directly callable after loading.
RNN call ->  (None, 71)states_0:0", shape=(None, 71), dtype=float32)
[34m[1mwandb[39m[22m: Adding directory to artifact (./models)... Done. 0.0s
WARNING:absl:Found untraced functions such as _update_step_xla while saving (showing 1 of 1). These functions will not be directly callable after loading.
[34m[1mwandb[39m[22m: Adding directory to artifact (./models)... Done. 0.0s
End RNN call
RNN call ->  (None, 71)states_0:0", shape=(None, 71), dtype=float32)
WARNING:absl:Found untraced functions such as _update_step_xla while saving (showing 1 of 1). These functions will not be directly callable after loading.
[34m[1mwandb[39m[22m: Adding directory to artifact (./models)... Done. 0.0s
WARNING:absl:Found untraced functions such as _update_step_xla while saving (showing 1 of 1). These functions will not be directly callable after loading.
RNN call ->  (None, 71)states_0:0", shape=(None, 71), dtype=float32)
[34m[1mwandb[39m[22m: Adding directory to artifact (./models)... Done. 0.0s
WARNING:absl:Found untraced functions such as _update_step_xla while saving (showing 1 of 1). These functions will not be directly callable after loading.
[34m[1mwandb[39m[22m: Adding directory to artifact (./models)... Done. 0.0s
End RNN call
RNN call ->  (None, 71)states_0:0", shape=(None, 71), dtype=float32)
WARNING:absl:Found untraced functions such as _update_step_xla while saving (showing 1 of 1). These functions will not be directly callable after loading.
[34m[1mwandb[39m[22m: Adding directory to artifact (./models)... Done. 0.0s
WARNING:absl:Found untraced functions such as _update_step_xla while saving (showing 1 of 1). These functions will not be directly callable after loading.
RNN call ->  (None, 71)states_0:0", shape=(None, 71), dtype=float32)
[34m[1mwandb[39m[22m: Adding directory to artifact (./models)... Done. 0.0s
WARNING:absl:Found untraced functions such as _update_step_xla while saving (showing 1 of 1). These functions will not be directly callable after loading.
[34m[1mwandb[39m[22m: Adding directory to artifact (./models)... Done. 0.0s
End RNN call
RNN call ->  (None, 71)states_0:0", shape=(None, 71), dtype=float32)
WARNING:absl:Found untraced functions such as _update_step_xla while saving (showing 1 of 1). These functions will not be directly callable after loading.
[34m[1mwandb[39m[22m: Adding directory to artifact (./models)... Done. 0.0s
WARNING:absl:Found untraced functions such as _update_step_xla while saving (showing 1 of 1). These functions will not be directly callable after loading.
RNN call ->  (None, 71)states_0:0", shape=(None, 71), dtype=float32)
[34m[1mwandb[39m[22m: Adding directory to artifact (./models)... Done. 0.0s
WARNING:absl:Found untraced functions such as _update_step_xla while saving (showing 1 of 1). These functions will not be directly callable after loading.
[34m[1mwandb[39m[22m: Adding directory to artifact (./models)... Done. 0.0s
End RNN call
RNN call ->  (None, 71)states_0:0", shape=(None, 71), dtype=float32)
WARNING:absl:Found untraced functions such as _update_step_xla while saving (showing 1 of 1). These functions will not be directly callable after loading.
[34m[1mwandb[39m[22m: Adding directory to artifact (./models)... Done. 0.0s
WARNING:absl:Found untraced functions such as _update_step_xla while saving (showing 1 of 1). These functions will not be directly callable after loading.
RNN call ->  (None, 71)states_0:0", shape=(None, 71), dtype=float32)
[34m[1mwandb[39m[22m: Adding directory to artifact (./models)... Done. 0.0s
WARNING:absl:Found untraced functions such as _update_step_xla while saving (showing 1 of 1). These functions will not be directly callable after loading.
[34m[1mwandb[39m[22m: Adding directory to artifact (./models)... Done. 0.0s
RNN call ->  (None, 71)states_0:0", shape=(None, 71), dtype=float32)
WARNING:absl:Found untraced functions such as _update_step_xla while saving (showing 1 of 1). These functions will not be directly callable after loading.
[34m[1mwandb[39m[22m: Adding directory to artifact (./models)... Done. 0.0s
WARNING:absl:Found untraced functions such as _update_step_xla while saving (showing 1 of 1). These functions will not be directly callable after loading.
End RNN call
RNN call ->  (None, 71)states_0:0", shape=(None, 71), dtype=float32)
[34m[1mwandb[39m[22m: Adding directory to artifact (./models)... Done. 0.0s
WARNING:absl:Found untraced functions such as _update_step_xla while saving (showing 1 of 1). These functions will not be directly callable after loading.
[34m[1mwandb[39m[22m: Adding directory to artifact (./models)... Done. 0.0s
RNN call ->  (None, 71)states_0:0", shape=(None, 71), dtype=float32)
WARNING:absl:Found untraced functions such as _update_step_xla while saving (showing 1 of 1). These functions will not be directly callable after loading.
[34m[1mwandb[39m[22m: Adding directory to artifact (./models)... Done. 0.0s
WARNING:absl:Found untraced functions such as _update_step_xla while saving (showing 1 of 1). These functions will not be directly callable after loading.
RNN call ->  (None, 71)states_0:0", shape=(None, 71), dtype=float32)
[34m[1mwandb[39m[22m: Adding directory to artifact (./models)... Done. 0.0s
WARNING:absl:Found untraced functions such as _update_step_xla while saving (showing 1 of 1). These functions will not be directly callable after loading.
[34m[1mwandb[39m[22m: Adding directory to artifact (./models)... Done. 0.0s
RNN call ->  (None, 71)states_0:0", shape=(None, 71), dtype=float32)
WARNING:absl:Found untraced functions such as _update_step_xla while saving (showing 1 of 1). These functions will not be directly callable after loading.
[34m[1mwandb[39m[22m: Adding directory to artifact (./models)... Done. 0.0s
WARNING:absl:Found untraced functions such as _update_step_xla while saving (showing 1 of 1). These functions will not be directly callable after loading.
RNN call ->  (None, 71)states_0:0", shape=(None, 71), dtype=float32)
[34m[1mwandb[39m[22m: Adding directory to artifact (./models)... Done. 0.0s
WARNING:absl:Found untraced functions such as _update_step_xla while saving (showing 1 of 1). These functions will not be directly callable after loading.
[34m[1mwandb[39m[22m: Adding directory to artifact (./models)... Done. 0.0s
RNN call ->  (None, 71)states_0:0", shape=(None, 71), dtype=float32)
WARNING:absl:Found untraced functions such as _update_step_xla while saving (showing 1 of 1). These functions will not be directly callable after loading.
[34m[1mwandb[39m[22m: Adding directory to artifact (./models)... Done. 0.0s
Traceback (most recent call last):
  File "/Users/sea/opt/anaconda3/envs/mlpp/lib/python3.10/site-packages/tensorflow/python/framework/ops.py", line 2691, in get_attr
    pywrap_tf_session.TF_OperationGetAttrValueProto(self._c_op, name, buf)
tensorflow.python.framework.errors_impl.InvalidArgumentError: Operation 'inputs' has no attr named '_read_only_resource_inputs'.
During handling of the above exception, another exception occurred:
Traceback (most recent call last):
  File "/Users/sea/Projects/AMN/omic_amn_mm/Build_Model_AMN.py", line 365, in <module>
    reservoir, pred, stats, _ = train_evaluate_model(model, verbose=True)
  File "/Users/sea/Projects/AMN/omic_amn_mm/Library/Build_Model.py", line 1907, in train_evaluate_model
    train_model(param, X, Y, X, Y, verbose=verbose)
  File "/Users/sea/Projects/AMN/omic_amn_mm/Library/Build_Model.py", line 1850, in train_model
    history = Net.model.fit(Xtrain, Ytrain,
  File "/Users/sea/opt/anaconda3/envs/mlpp/lib/python3.10/site-packages/wandb/integration/keras/keras.py", line 174, in new_v2
    return old_v2(*args, **kwargs)
  File "/Users/sea/opt/anaconda3/envs/mlpp/lib/python3.10/site-packages/wandb/integration/keras/keras.py", line 174, in new_v2
    return old_v2(*args, **kwargs)
  File "/Users/sea/opt/anaconda3/envs/mlpp/lib/python3.10/site-packages/wandb/integration/keras/keras.py", line 174, in new_v2
    return old_v2(*args, **kwargs)
  File "/Users/sea/opt/anaconda3/envs/mlpp/lib/python3.10/site-packages/keras/utils/traceback_utils.py", line 65, in error_handler
    return fn(*args, **kwargs)
  File "/Users/sea/opt/anaconda3/envs/mlpp/lib/python3.10/site-packages/keras/engine/training.py", line 1712, in fit
    callbacks.on_epoch_end(epoch, epoch_logs)
  File "/Users/sea/opt/anaconda3/envs/mlpp/lib/python3.10/site-packages/keras/callbacks.py", line 454, in on_epoch_end
    callback.on_epoch_end(epoch, logs)
  File "/Users/sea/opt/anaconda3/envs/mlpp/lib/python3.10/site-packages/wandb/integration/keras/callbacks/model_checkpoint.py", line 140, in on_epoch_end
    super().on_epoch_end(epoch, logs)
  File "/Users/sea/opt/anaconda3/envs/mlpp/lib/python3.10/site-packages/keras/callbacks.py", line 1476, in on_epoch_end
    self._save_model(epoch=epoch, batch=None, logs=logs)
  File "/Users/sea/opt/anaconda3/envs/mlpp/lib/python3.10/site-packages/keras/callbacks.py", line 1563, in _save_model
    self.model.save(
  File "/Users/sea/opt/anaconda3/envs/mlpp/lib/python3.10/site-packages/keras/utils/traceback_utils.py", line 65, in error_handler
    return fn(*args, **kwargs)
  File "/Users/sea/opt/anaconda3/envs/mlpp/lib/python3.10/site-packages/keras/engine/training.py", line 2795, in save
    save.save_model(
  File "/Users/sea/opt/anaconda3/envs/mlpp/lib/python3.10/site-packages/keras/utils/traceback_utils.py", line 65, in error_handler
    return fn(*args, **kwargs)
  File "/Users/sea/opt/anaconda3/envs/mlpp/lib/python3.10/site-packages/keras/saving/legacy/save.py", line 167, in save_model
    saved_model_save.save(
  File "/Users/sea/opt/anaconda3/envs/mlpp/lib/python3.10/site-packages/keras/saving/legacy/saved_model/save.py", line 97, in save
    saved_nodes, node_paths = save_lib.save_and_return_nodes(
  File "/Users/sea/opt/anaconda3/envs/mlpp/lib/python3.10/site-packages/tensorflow/python/saved_model/save.py", line 1267, in save_and_return_nodes
    _build_meta_graph(obj, signatures, options, meta_graph_def))
  File "/Users/sea/opt/anaconda3/envs/mlpp/lib/python3.10/site-packages/tensorflow/python/saved_model/save.py", line 1440, in _build_meta_graph
    return _build_meta_graph_impl(obj, signatures, options, meta_graph_def)
  File "/Users/sea/opt/anaconda3/envs/mlpp/lib/python3.10/site-packages/tensorflow/python/saved_model/save.py", line 1393, in _build_meta_graph_impl
    saveable_view = _SaveableView(augmented_graph_view, options)
  File "/Users/sea/opt/anaconda3/envs/mlpp/lib/python3.10/site-packages/tensorflow/python/saved_model/save.py", line 266, in __init__
    checkpoint_util.objects_ids_and_slot_variables_and_paths(
  File "/Users/sea/opt/anaconda3/envs/mlpp/lib/python3.10/site-packages/tensorflow/python/checkpoint/util.py", line 159, in objects_ids_and_slot_variables_and_paths
    trackable_objects, node_paths = graph_view.breadth_first_traversal()
  File "/Users/sea/opt/anaconda3/envs/mlpp/lib/python3.10/site-packages/tensorflow/python/checkpoint/graph_view.py", line 124, in breadth_first_traversal
    return self._breadth_first_traversal()
  File "/Users/sea/opt/anaconda3/envs/mlpp/lib/python3.10/site-packages/tensorflow/python/saved_model/save.py", line 143, in _breadth_first_traversal
    super(_AugmentedGraphView, self)._breadth_first_traversal())
  File "/Users/sea/opt/anaconda3/envs/mlpp/lib/python3.10/site-packages/tensorflow/python/checkpoint/graph_view.py", line 128, in _breadth_first_traversal
    return super(ObjectGraphView, self)._descendants_with_paths()
  File "/Users/sea/opt/anaconda3/envs/mlpp/lib/python3.10/site-packages/tensorflow/python/checkpoint/trackable_view.py", line 111, in _descendants_with_paths
    for name, dependency in self.children(current_trackable).items():
  File "/Users/sea/opt/anaconda3/envs/mlpp/lib/python3.10/site-packages/tensorflow/python/checkpoint/graph_view.py", line 97, in children
    for name, ref in self.list_children(obj, **kwargs):
  File "/Users/sea/opt/anaconda3/envs/mlpp/lib/python3.10/site-packages/tensorflow/python/saved_model/save.py", line 177, in list_children
    for name, child in super(_AugmentedGraphView, self).list_children(
  File "/Users/sea/opt/anaconda3/envs/mlpp/lib/python3.10/site-packages/tensorflow/python/checkpoint/graph_view.py", line 75, in list_children
    for name, ref in super(ObjectGraphView,
  File "/Users/sea/opt/anaconda3/envs/mlpp/lib/python3.10/site-packages/tensorflow/python/checkpoint/trackable_view.py", line 84, in children
    for name, ref in obj._trackable_children(save_type, **kwargs).items():
  File "/Users/sea/opt/anaconda3/envs/mlpp/lib/python3.10/site-packages/tensorflow/python/trackable/autotrackable.py", line 115, in _trackable_children
    fn._list_all_concrete_functions_for_serialization()  # pylint: disable=protected-access
  File "/Users/sea/opt/anaconda3/envs/mlpp/lib/python3.10/site-packages/tensorflow/python/eager/polymorphic_function/polymorphic_function.py", line 1160, in _list_all_concrete_functions_for_serialization
    concrete_functions.append(self.get_concrete_function(*args, **kwargs))
  File "/Users/sea/opt/anaconda3/envs/mlpp/lib/python3.10/site-packages/tensorflow/python/eager/polymorphic_function/polymorphic_function.py", line 1215, in get_concrete_function
    concrete = self._get_concrete_function_garbage_collected(*args, **kwargs)
  File "/Users/sea/opt/anaconda3/envs/mlpp/lib/python3.10/site-packages/tensorflow/python/eager/polymorphic_function/polymorphic_function.py", line 1206, in _get_concrete_function_garbage_collected
    concrete = self._variable_creation_fn._get_concrete_function_garbage_collected(  # pylint: disable=protected-access
  File "/Users/sea/opt/anaconda3/envs/mlpp/lib/python3.10/site-packages/tensorflow/python/eager/polymorphic_function/tracing_compiler.py", line 192, in _get_concrete_function_garbage_collected
    concrete_function, _ = self._maybe_define_concrete_function(args, kwargs)
  File "/Users/sea/opt/anaconda3/envs/mlpp/lib/python3.10/site-packages/tensorflow/python/eager/polymorphic_function/tracing_compiler.py", line 157, in _maybe_define_concrete_function
    return self._maybe_define_function(args, kwargs)
  File "/Users/sea/opt/anaconda3/envs/mlpp/lib/python3.10/site-packages/tensorflow/python/eager/polymorphic_function/tracing_compiler.py", line 360, in _maybe_define_function
    concrete_function = self._create_concrete_function(args, kwargs)
  File "/Users/sea/opt/anaconda3/envs/mlpp/lib/python3.10/site-packages/tensorflow/python/eager/polymorphic_function/tracing_compiler.py", line 284, in _create_concrete_function
    func_graph_module.func_graph_from_py_func(
  File "/Users/sea/opt/anaconda3/envs/mlpp/lib/python3.10/site-packages/tensorflow/python/framework/func_graph.py", line 1178, in func_graph_from_py_func
    with func_graph.as_default(), deps_control_manager as deps_ctx:
  File "/Users/sea/opt/anaconda3/envs/mlpp/lib/python3.10/site-packages/tensorflow/python/framework/auto_control_deps.py", line 464, in __exit__
    for inp, resource_type in _get_resource_inputs(op):
  File "/Users/sea/opt/anaconda3/envs/mlpp/lib/python3.10/site-packages/tensorflow/python/framework/auto_control_deps.py", line 662, in _get_resource_inputs
    reads, writes = utils.get_read_write_resource_inputs(op)
  File "/Users/sea/opt/anaconda3/envs/mlpp/lib/python3.10/site-packages/tensorflow/python/framework/auto_control_deps_utils.py", line 105, in get_read_write_resource_inputs
    read_only_input_indices = op.get_attr(READ_ONLY_RESOURCE_INPUTS_ATTR)
  File "/Users/sea/opt/anaconda3/envs/mlpp/lib/python3.10/site-packages/tensorflow/python/framework/ops.py", line 2691, in get_attr
    pywrap_tf_session.TF_OperationGetAttrValueProto(self._c_op, name, buf)
KeyboardInterrupt
Traceback (most recent call last):
  File "/Users/sea/opt/anaconda3/envs/mlpp/lib/python3.10/site-packages/tensorflow/python/framework/ops.py", line 2691, in get_attr
    pywrap_tf_session.TF_OperationGetAttrValueProto(self._c_op, name, buf)
tensorflow.python.framework.errors_impl.InvalidArgumentError: Operation 'inputs' has no attr named '_read_only_resource_inputs'.
During handling of the above exception, another exception occurred:
Traceback (most recent call last):
  File "/Users/sea/Projects/AMN/omic_amn_mm/Build_Model_AMN.py", line 365, in <module>
    reservoir, pred, stats, _ = train_evaluate_model(model, verbose=True)
  File "/Users/sea/Projects/AMN/omic_amn_mm/Library/Build_Model.py", line 1907, in train_evaluate_model
    train_model(param, X, Y, X, Y, verbose=verbose)
  File "/Users/sea/Projects/AMN/omic_amn_mm/Library/Build_Model.py", line 1850, in train_model
    history = Net.model.fit(Xtrain, Ytrain,
  File "/Users/sea/opt/anaconda3/envs/mlpp/lib/python3.10/site-packages/wandb/integration/keras/keras.py", line 174, in new_v2
    return old_v2(*args, **kwargs)
  File "/Users/sea/opt/anaconda3/envs/mlpp/lib/python3.10/site-packages/wandb/integration/keras/keras.py", line 174, in new_v2
    return old_v2(*args, **kwargs)
  File "/Users/sea/opt/anaconda3/envs/mlpp/lib/python3.10/site-packages/wandb/integration/keras/keras.py", line 174, in new_v2
    return old_v2(*args, **kwargs)
  File "/Users/sea/opt/anaconda3/envs/mlpp/lib/python3.10/site-packages/keras/utils/traceback_utils.py", line 65, in error_handler
    return fn(*args, **kwargs)
  File "/Users/sea/opt/anaconda3/envs/mlpp/lib/python3.10/site-packages/keras/engine/training.py", line 1712, in fit
    callbacks.on_epoch_end(epoch, epoch_logs)
  File "/Users/sea/opt/anaconda3/envs/mlpp/lib/python3.10/site-packages/keras/callbacks.py", line 454, in on_epoch_end
    callback.on_epoch_end(epoch, logs)
  File "/Users/sea/opt/anaconda3/envs/mlpp/lib/python3.10/site-packages/wandb/integration/keras/callbacks/model_checkpoint.py", line 140, in on_epoch_end
    super().on_epoch_end(epoch, logs)
  File "/Users/sea/opt/anaconda3/envs/mlpp/lib/python3.10/site-packages/keras/callbacks.py", line 1476, in on_epoch_end
    self._save_model(epoch=epoch, batch=None, logs=logs)
  File "/Users/sea/opt/anaconda3/envs/mlpp/lib/python3.10/site-packages/keras/callbacks.py", line 1563, in _save_model
    self.model.save(
  File "/Users/sea/opt/anaconda3/envs/mlpp/lib/python3.10/site-packages/keras/utils/traceback_utils.py", line 65, in error_handler
    return fn(*args, **kwargs)
  File "/Users/sea/opt/anaconda3/envs/mlpp/lib/python3.10/site-packages/keras/engine/training.py", line 2795, in save
    save.save_model(
  File "/Users/sea/opt/anaconda3/envs/mlpp/lib/python3.10/site-packages/keras/utils/traceback_utils.py", line 65, in error_handler
    return fn(*args, **kwargs)
  File "/Users/sea/opt/anaconda3/envs/mlpp/lib/python3.10/site-packages/keras/saving/legacy/save.py", line 167, in save_model
    saved_model_save.save(
  File "/Users/sea/opt/anaconda3/envs/mlpp/lib/python3.10/site-packages/keras/saving/legacy/saved_model/save.py", line 97, in save
    saved_nodes, node_paths = save_lib.save_and_return_nodes(
  File "/Users/sea/opt/anaconda3/envs/mlpp/lib/python3.10/site-packages/tensorflow/python/saved_model/save.py", line 1267, in save_and_return_nodes
    _build_meta_graph(obj, signatures, options, meta_graph_def))
  File "/Users/sea/opt/anaconda3/envs/mlpp/lib/python3.10/site-packages/tensorflow/python/saved_model/save.py", line 1440, in _build_meta_graph
    return _build_meta_graph_impl(obj, signatures, options, meta_graph_def)
  File "/Users/sea/opt/anaconda3/envs/mlpp/lib/python3.10/site-packages/tensorflow/python/saved_model/save.py", line 1393, in _build_meta_graph_impl
    saveable_view = _SaveableView(augmented_graph_view, options)
  File "/Users/sea/opt/anaconda3/envs/mlpp/lib/python3.10/site-packages/tensorflow/python/saved_model/save.py", line 266, in __init__
    checkpoint_util.objects_ids_and_slot_variables_and_paths(
  File "/Users/sea/opt/anaconda3/envs/mlpp/lib/python3.10/site-packages/tensorflow/python/checkpoint/util.py", line 159, in objects_ids_and_slot_variables_and_paths
    trackable_objects, node_paths = graph_view.breadth_first_traversal()
  File "/Users/sea/opt/anaconda3/envs/mlpp/lib/python3.10/site-packages/tensorflow/python/checkpoint/graph_view.py", line 124, in breadth_first_traversal
    return self._breadth_first_traversal()
  File "/Users/sea/opt/anaconda3/envs/mlpp/lib/python3.10/site-packages/tensorflow/python/saved_model/save.py", line 143, in _breadth_first_traversal
    super(_AugmentedGraphView, self)._breadth_first_traversal())
  File "/Users/sea/opt/anaconda3/envs/mlpp/lib/python3.10/site-packages/tensorflow/python/checkpoint/graph_view.py", line 128, in _breadth_first_traversal
    return super(ObjectGraphView, self)._descendants_with_paths()
  File "/Users/sea/opt/anaconda3/envs/mlpp/lib/python3.10/site-packages/tensorflow/python/checkpoint/trackable_view.py", line 111, in _descendants_with_paths
    for name, dependency in self.children(current_trackable).items():
  File "/Users/sea/opt/anaconda3/envs/mlpp/lib/python3.10/site-packages/tensorflow/python/checkpoint/graph_view.py", line 97, in children
    for name, ref in self.list_children(obj, **kwargs):
  File "/Users/sea/opt/anaconda3/envs/mlpp/lib/python3.10/site-packages/tensorflow/python/saved_model/save.py", line 177, in list_children
    for name, child in super(_AugmentedGraphView, self).list_children(
  File "/Users/sea/opt/anaconda3/envs/mlpp/lib/python3.10/site-packages/tensorflow/python/checkpoint/graph_view.py", line 75, in list_children
    for name, ref in super(ObjectGraphView,
  File "/Users/sea/opt/anaconda3/envs/mlpp/lib/python3.10/site-packages/tensorflow/python/checkpoint/trackable_view.py", line 84, in children
    for name, ref in obj._trackable_children(save_type, **kwargs).items():
  File "/Users/sea/opt/anaconda3/envs/mlpp/lib/python3.10/site-packages/tensorflow/python/trackable/autotrackable.py", line 115, in _trackable_children
    fn._list_all_concrete_functions_for_serialization()  # pylint: disable=protected-access
  File "/Users/sea/opt/anaconda3/envs/mlpp/lib/python3.10/site-packages/tensorflow/python/eager/polymorphic_function/polymorphic_function.py", line 1160, in _list_all_concrete_functions_for_serialization
    concrete_functions.append(self.get_concrete_function(*args, **kwargs))
  File "/Users/sea/opt/anaconda3/envs/mlpp/lib/python3.10/site-packages/tensorflow/python/eager/polymorphic_function/polymorphic_function.py", line 1215, in get_concrete_function
    concrete = self._get_concrete_function_garbage_collected(*args, **kwargs)
  File "/Users/sea/opt/anaconda3/envs/mlpp/lib/python3.10/site-packages/tensorflow/python/eager/polymorphic_function/polymorphic_function.py", line 1206, in _get_concrete_function_garbage_collected
    concrete = self._variable_creation_fn._get_concrete_function_garbage_collected(  # pylint: disable=protected-access
  File "/Users/sea/opt/anaconda3/envs/mlpp/lib/python3.10/site-packages/tensorflow/python/eager/polymorphic_function/tracing_compiler.py", line 192, in _get_concrete_function_garbage_collected
    concrete_function, _ = self._maybe_define_concrete_function(args, kwargs)
  File "/Users/sea/opt/anaconda3/envs/mlpp/lib/python3.10/site-packages/tensorflow/python/eager/polymorphic_function/tracing_compiler.py", line 157, in _maybe_define_concrete_function
    return self._maybe_define_function(args, kwargs)
  File "/Users/sea/opt/anaconda3/envs/mlpp/lib/python3.10/site-packages/tensorflow/python/eager/polymorphic_function/tracing_compiler.py", line 360, in _maybe_define_function
    concrete_function = self._create_concrete_function(args, kwargs)
  File "/Users/sea/opt/anaconda3/envs/mlpp/lib/python3.10/site-packages/tensorflow/python/eager/polymorphic_function/tracing_compiler.py", line 284, in _create_concrete_function
    func_graph_module.func_graph_from_py_func(
  File "/Users/sea/opt/anaconda3/envs/mlpp/lib/python3.10/site-packages/tensorflow/python/framework/func_graph.py", line 1178, in func_graph_from_py_func
    with func_graph.as_default(), deps_control_manager as deps_ctx:
  File "/Users/sea/opt/anaconda3/envs/mlpp/lib/python3.10/site-packages/tensorflow/python/framework/auto_control_deps.py", line 464, in __exit__
    for inp, resource_type in _get_resource_inputs(op):
  File "/Users/sea/opt/anaconda3/envs/mlpp/lib/python3.10/site-packages/tensorflow/python/framework/auto_control_deps.py", line 662, in _get_resource_inputs
    reads, writes = utils.get_read_write_resource_inputs(op)
  File "/Users/sea/opt/anaconda3/envs/mlpp/lib/python3.10/site-packages/tensorflow/python/framework/auto_control_deps_utils.py", line 105, in get_read_write_resource_inputs
    read_only_input_indices = op.get_attr(READ_ONLY_RESOURCE_INPUTS_ATTR)
  File "/Users/sea/opt/anaconda3/envs/mlpp/lib/python3.10/site-packages/tensorflow/python/framework/ops.py", line 2691, in get_attr
    pywrap_tf_session.TF_OperationGetAttrValueProto(self._c_op, name, buf)
KeyboardInterrupt
RNN call ->  (None, 71)states_0:0", shape=(None, 71), dtype=float32)